{"level":"error","message":"[ACCOUNT] POST at /login: login failed, user email is invalid","service":"account"}
{"level":"error","message":"[ACCOUNT] POST at /register: registration failed with Internal Server Error: MongoServerError: E11000 duplicate key error collection: spendwise.users index: email_1 dup key: { email: \"sampletestuser@gmail.com\" }","service":"account"}
{"level":"error","message":"[ACCOUNT] POST at /register: registration failed with Internal Server Error: MongoServerError: E11000 duplicate key error collection: spendwise.users index: email_1 dup key: { email: \"sampletestuser@gmail.com\" }","service":"account"}
{"level":"error","message":"[ACCOUNT] POST at /register: registration failed with Internal Server Error: MongoServerError: E11000 duplicate key error collection: spendwise.users index: email_1 dup key: { email: \"sampletestuser@gmail.com\" }","service":"account"}
{"level":"error","message":"[ACCOUNT] POST at /login: login failed, user email is invalid","service":"account"}
{"level":"error","message":"[ACCOUNT] DELETE at /: delete account failed, user email is invalid","service":"account"}
{"level":"error","message":"[ACCOUNT] POST at /register: registration failed with Internal Server Error: MongoServerError: E11000 duplicate key error collection: spendwise.users index: email_1 dup key: { email: \"sampletestuser@gmail.com\" }","service":"account"}
{"level":"error","message":"[ACCOUNT] POST at /register: registration failed with Internal Server Error: MongoServerError: E11000 duplicate key error collection: spendwise.users index: email_1 dup key: { email: \"sampletestuser@gmail.com\" }","service":"account"}
{"level":"error","message":"[ACCOUNT] GET at /status: request received, token not found","service":"account"}
{"level":"error","message":"[ACCOUNT] GET at /status: request received, token not found","service":"account"}
{"level":"error","message":"[ACCOUNT] POST at /login: login failed, user email is invalid","service":"account"}
{"level":"error","message":"[ACCOUNT] POST at /register: registration failed with Internal Server Error: MongoServerError: E11000 duplicate key error collection: spendwise.users index: email_1 dup key: { email: \"otheruser@gmail.com\" }","service":"account"}
{"level":"error","message":"[ACCOUNT] POST at /register: registration failed, user email already existed","service":"account"}
{"level":"error","message":"[ACCOUNT] GET at /status: request received, token not found","service":"account"}
{"level":"error","message":"[ACCOUNT] GET at /status: request received, token was blacklisted","service":"account"}
{"level":"error","message":"[ACCOUNT] GET at /status: request received, token was blacklisted","service":"account"}
{"level":"error","message":"[ACCOUNT] GET at /status: request received, token was blacklisted","service":"account"}
{"level":"error","message":"[ACCOUNT] POST at /login: login failed, user password is not match","service":"account"}
{"level":"error","message":"[ACCOUNT] POST at /login: login failed, user password is not match","service":"account"}
{"level":"error","message":"[ACCOUNT] POST at /logout: request received, token not found","service":"account"}
{"level":"error","message":"[ACCOUNT] GET at /status: request received, token was blacklisted","service":"account"}
{"level":"error","message":"[ACCOUNT] GET at /status: request received, token was blacklisted","service":"account"}
{"level":"error","message":"[ACCOUNT] GET at /status: request received, token was blacklisted","service":"account"}
{"level":"error","message":"[ACCOUNT] GET at /status: request received, token was blacklisted","service":"account"}
{"level":"error","message":"[ACCOUNT] GET at /status: request received, token was blacklisted","service":"account"}
{"level":"error","message":"[ACCOUNT] GET at /status: request received, token was blacklisted","service":"account"}
{"level":"error","message":"[ACCOUNT] GET at /status: request received, token not found","service":"account"}
{"level":"error","message":"[ACCOUNT] GET at /status: request received, token not found","service":"account"}
{"level":"error","message":"[ACCOUNT] GET at /status: request received, token not found","service":"account"}
{"level":"error","message":"[ACCOUNT] GET at /status: request received, token not found","service":"account"}
{"level":"error","message":"[ACCOUNT] GET at /status: request received, token not found","service":"account"}
{"level":"error","message":"[ACCOUNT] POST at /logout: request received, token not found","service":"account"}
{"level":"error","message":"[ACCOUNT] POST at /logout: request received, token not found","service":"account"}
{"level":"error","message":"[ACCOUNT] GET at /status: request received, token not found","service":"account"}
{"level":"error","message":"[ACCOUNT] GET at /status: request received, token not found","service":"account"}
{"level":"error","message":"[ACCOUNT] GET at /status: request received, token not found","service":"account"}
{"level":"error","message":"[ACCOUNT] GET at /status: request received, token not found","service":"account"}
{"level":"error","message":"[ACCOUNT] GET at /status: request received, token not found","service":"account"}
{"level":"error","message":"[ACCOUNT] GET at /status: request received, token not found","service":"account"}
{"level":"error","message":"[ACCOUNT] GET at /status: request received, token not found","service":"account"}
{"level":"error","message":"[ACCOUNT] GET at /status: request received, token not found","service":"account"}
{"level":"error","message":"[ACCOUNT] GET at /status: request received, token not found","service":"account"}
{"level":"error","message":"[ACCOUNT] GET at /status: request received, token was blacklisted","service":"account"}
{"level":"error","message":"[ACCOUNT] GET at /status: request received, token was blacklisted","service":"account"}
{"level":"error","message":"[ACCOUNT] GET at /status: request received, token was blacklisted","service":"account"}
{"level":"error","message":"[ACCOUNT] GET at /status: request received, token was blacklisted","service":"account"}
{"level":"error","message":"[ACCOUNT] GET at /status: request received, token was blacklisted","service":"account"}
{"level":"error","message":"[ACCOUNT] GET at /status: request received, token was blacklisted","service":"account"}
{"level":"error","message":"[ACCOUNT] GET at /status: request received, token was blacklisted","service":"account"}
{"level":"error","message":"[ACCOUNT] GET at /status: request received, token was blacklisted","service":"account"}
{"level":"error","message":"[ACCOUNT] POST at /: registration failed, user email already existed","service":"account"}
{"level":"error","message":"[ACCOUNT] GET at /status: request received, token was blacklisted","service":"account"}
{"level":"error","message":"[ACCOUNT] POST at /: registration failed, user email already existed","service":"account"}
{"level":"error","message":"[ACCOUNT] GET at /status: request received, token was blacklisted","service":"account"}
{"level":"error","message":"[ACCOUNT] GET at /status: request received, token was blacklisted","service":"account"}
{"level":"error","message":"[ACCOUNT] GET at /status: request received, token was blacklisted","service":"account"}
{"level":"error","message":"[ACCOUNT] GET at /status: request received, token was blacklisted","service":"account"}
{"level":"error","message":"[ACCOUNT] GET at /status: request received, token was blacklisted","service":"account"}
{"level":"error","message":"[ACCOUNT] GET at /status: request received, token was blacklisted","service":"account"}
{"level":"error","message":"[ACCOUNT] GET at /status: request received, token was blacklisted","service":"account"}
{"level":"error","message":"[ACCOUNT] POST at /: registration failed, user email already existed","service":"account"}
{"level":"error","message":"[ACCOUNT] GET at /status: request received, token was blacklisted","service":"account"}
{"level":"error","message":"[ACCOUNT] GET at /status: authentication failed with Internal Server Error: TokenExpiredError: jwt expired","service":"account"}
{"level":"error","message":"[ACCOUNT] GET at /status: request received, token was blacklisted","service":"account"}
{"level":"error","message":"[ACCOUNT] GET at /status: request received, token was blacklisted","service":"account"}
{"level":"error","message":"[ACCOUNT] GET at /status: request received, token was blacklisted","service":"account"}
{"level":"error","message":"[ACCOUNT] GET at /status: request received, token was blacklisted","service":"account"}
