{"level":"info","message":"[FRONTEND] GET at /: request received with login status false, user: none","service":"frontend"}
{"level":"info","message":"[FRONTEND] GET at /login: request received with login status false, user: none","service":"frontend"}
{"level":"info","message":"[FRONTEND] GET at /: request received with login status false, user: none","service":"frontend"}
{"level":"info","message":"[FRONTEND] GET at /login: request received with login status false, user: none","service":"frontend"}
{"level":"info","message":"[FRONTEND] POST at /login: request received with login status false, user: none","service":"frontend"}
{"level":"info","message":"[FRONTEND] POST at /login: request received with login status false, user: none","service":"frontend"}
{"level":"info","message":"[FRONTEND] GET at /: request received with login status true, user: alice@gmail.com","service":"frontend"}
{"level":"info","message":"[FRONTEND] GET at /: request received with login status true, user: alice@gmail.com","service":"frontend"}
{"level":"info","message":"[FRONTEND] POST at /logout: request received with login status true, user: alice@gmail.com","service":"frontend"}
{"level":"info","message":"[FRONTEND] GET at /: request received with login status false, user: none","service":"frontend"}
{"level":"info","message":"[FRONTEND] GET at /login: request received with login status false, user: none","service":"frontend"}
{"level":"info","message":"[FRONTEND] POST at /login: request received with login status false, user: none","service":"frontend"}
{"level":"info","message":"[FRONTEND] GET at /: request received with login status true, user: alice@gmail.com","service":"frontend"}
{"level":"info","message":"[FRONTEND] GET at /expense: request received with login status true, user: alice@gmail.com","service":"frontend"}
{"level":"info","message":"[FRONTEND] PUT at /expense: request received with login status true, user: alice@gmail.com","service":"frontend"}
{"level":"info","message":"[FRONTEND] GET at /expense: request received with login status true, user: alice@gmail.com","service":"frontend"}
{"level":"info","message":"[FRONTEND] PUT at /expense: request received with login status true, user: alice@gmail.com","service":"frontend"}
{"level":"info","message":"[FRONTEND] PUT at /expense: request received with login status true, user: alice@gmail.com","service":"frontend"}
{"level":"info","message":"[FRONTEND] GET at /expense: request received with login status true, user: alice@gmail.com","service":"frontend"}
{"level":"info","message":"[FRONTEND] PUT at /expense: request received with login status true, user: alice@gmail.com","service":"frontend"}
{"level":"info","message":"[FRONTEND] GET at /expense: request received with login status true, user: alice@gmail.com","service":"frontend"}
{"level":"info","message":"[FRONTEND] POST at /expense: request received with login status true, user: alice@gmail.com","service":"frontend"}
{"level":"info","message":"[FRONTEND] GET at /expense: request received with login status true, user: alice@gmail.com","service":"frontend"}
{"level":"info","message":"[FRONTEND] GET at /account: request received with login status true, user: alice@gmail.com","service":"frontend"}
{"level":"info","message":"[FRONTEND] POST at /logout: request received with login status true, user: alice@gmail.com","service":"frontend"}
{"level":"info","message":"[FRONTEND] GET at /: request received with login status false, user: none","service":"frontend"}
{"level":"info","message":"[FRONTEND] GET at /register: request received with login status false, user: none","service":"frontend"}
{"level":"info","message":"[FRONTEND] POST at /register: request received with login status false, user: none","service":"frontend"}
{"level":"info","message":"[FRONTEND] GET at /login: request received with login status false, user: none","service":"frontend"}
{"level":"info","message":"[FRONTEND] POST at /login: request received with login status false, user: none","service":"frontend"}
{"level":"info","message":"[FRONTEND] GET at /: request received with login status true, user: alice@gmail.com","service":"frontend"}
{"level":"info","message":"[FRONTEND] GET at /expense: request received with login status true, user: alice@gmail.com","service":"frontend"}
{"level":"info","message":"[FRONTEND] DELETE at /expense: request received with login status true, user: alice@gmail.com","service":"frontend"}
{"level":"info","message":"[FRONTEND] GET at /expense: request received with login status true, user: alice@gmail.com","service":"frontend"}
{"level":"info","message":"[FRONTEND] GET at /account: request received with login status true, user: alice@gmail.com","service":"frontend"}
{"level":"info","message":"[FRONTEND] POST at /logout: request received with login status true, user: alice@gmail.com","service":"frontend"}
{"level":"info","message":"[FRONTEND] GET at /: request received with login status false, user: none","service":"frontend"}
{"level":"info","message":"[FRONTEND] GET at /: request received with login status false, user: none","service":"frontend"}
{"level":"info","message":"[FRONTEND] GET at /favicon.ico: request received with login status false, user: none","service":"frontend"}
{"level":"info","message":"[FRONTEND] GET at /login: request received with login status false, user: none","service":"frontend"}
{"level":"info","message":"[FRONTEND] POST at /login: request received with login status false, user: none","service":"frontend"}
{"level":"info","message":"[FRONTEND] GET at /login: request received with login status false, user: none","service":"frontend"}
{"level":"info","message":"[FRONTEND] POST at /login: request received with login status false, user: none","service":"frontend"}
{"level":"info","message":"[FRONTEND] POST at /login: request received with login status false, user: none","service":"frontend"}
{"level":"info","message":"[FRONTEND] POST at /login: request received with login status false, user: none","service":"frontend"}
{"level":"info","message":"[FRONTEND] GET at /: request received with login status false, user: none","service":"frontend"}
{"level":"info","message":"[FRONTEND] GET at /: request received with login status false, user: none","service":"frontend"}
{"level":"info","message":"[FRONTEND] GET at /login: request received with login status false, user: none","service":"frontend"}
{"level":"info","message":"[FRONTEND] POST at /login: request received with login status false, user: none","service":"frontend"}
{"level":"info","message":"[FRONTEND] GET at /: request received with login status false, user: none","service":"frontend"}
{"level":"info","message":"[FRONTEND] GET at /: request received with login status false, user: none","service":"frontend"}
{"level":"info","message":"[FRONTEND] GET at /login: request received with login status false, user: none","service":"frontend"}
{"level":"info","message":"[FRONTEND] POST at /login: request received with login status false, user: none","service":"frontend"}
{"level":"info","message":"[FRONTEND] GET at /: request received with login status false, user: none","service":"frontend"}
{"level":"info","message":"[FRONTEND] GET at /.well-known/appspecific/com.chrome.devtools.json: request received with login status false, user: none","service":"frontend"}
{"level":"info","message":"[FRONTEND] GET at /: request received with login status true, user: otheruser@gmail.com","service":"frontend"}
{"level":"info","message":"[FRONTEND] POST at /logout: request received with login status true, user: otheruser@gmail.com","service":"frontend"}
{"level":"info","message":"[FRONTEND] GET at /: request received with login status true, user: otheruser@gmail.com","service":"frontend"}
{"level":"info","message":"[FRONTEND] GET at /: request received with login status undefined, user: none","service":"frontend"}
{"level":"info","message":"[FRONTEND] GET at /login: request received with login status undefined, user: none","service":"frontend"}
{"level":"info","message":"[FRONTEND] GET at /expense: request received with login status undefined, user: none","service":"frontend"}
{"level":"info","message":"[FRONTEND] GET at /login: request received with login status undefined, user: none","service":"frontend"}
{"level":"info","message":"[FRONTEND] POST at /login: request received with login status undefined, user: none","service":"frontend"}
{"level":"info","message":"[FRONTEND] GET at /: request received with login status true, user: otheruser@gmail.com","service":"frontend"}
{"level":"info","message":"[FRONTEND] GET at /expense: request received with login status true, user: otheruser@gmail.com","service":"frontend"}
{"level":"info","message":"[FRONTEND] GET at /login: request received with login status true, user: otheruser@gmail.com","service":"frontend"}
{"level":"info","message":"[FRONTEND] GET at /: request received with login status true, user: otheruser@gmail.com","service":"frontend"}
{"level":"info","message":"[FRONTEND] GET at /expense: request received with login status true, user: otheruser@gmail.com","service":"frontend"}
{"level":"info","message":"[FRONTEND] GET at /login: request received with login status true, user: otheruser@gmail.com","service":"frontend"}
{"level":"info","message":"[FRONTEND] GET at /: request received with login status true, user: otheruser@gmail.com","service":"frontend"}
{"level":"info","message":"[FRONTEND] GET at /expense: request received with login status true, user: otheruser@gmail.com","service":"frontend"}
{"level":"info","message":"[FRONTEND] GET at /login: request received with login status true, user: otheruser@gmail.com","service":"frontend"}
{"level":"info","message":"[FRONTEND] GET at /: request received with login status true, user: otheruser@gmail.com","service":"frontend"}
{"level":"info","message":"[FRONTEND] GET at /expense: request received with login status true, user: otheruser@gmail.com","service":"frontend"}
{"level":"info","message":"[FRONTEND] GET at /login: request received with login status true, user: otheruser@gmail.com","service":"frontend"}
{"level":"info","message":"[FRONTEND] GET at /: request received with login status true, user: otheruser@gmail.com","service":"frontend"}
{"level":"info","message":"[FRONTEND] GET at /: request received with login status true, user: otheruser@gmail.com","service":"frontend"}
{"level":"info","message":"[FRONTEND] GET at /expense: request received with login status true, user: otheruser@gmail.com","service":"frontend"}
{"level":"info","message":"[FRONTEND] GET at /account: request received with login status true, user: otheruser@gmail.com","service":"frontend"}
{"level":"info","message":"[FRONTEND] GET at /login: request received with login status true, user: otheruser@gmail.com","service":"frontend"}
{"level":"info","message":"[FRONTEND] GET at /: request received with login status true, user: otheruser@gmail.com","service":"frontend"}
{"level":"info","message":"[FRONTEND] GET at /: request received with login status true, user: otheruser@gmail.com","service":"frontend"}
{"level":"info","message":"[FRONTEND] GET at /expense: request received with login status true, user: otheruser@gmail.com","service":"frontend"}
{"level":"info","message":"[FRONTEND] GET at /expense: request received with login status true, user: otheruser@gmail.com","service":"frontend"}
{"level":"info","message":"[FRONTEND] GET at /expense: request received with login status true, user: otheruser@gmail.com","service":"frontend"}
{"level":"info","message":"[FRONTEND] POST at /expense: request received with login status true, user: otheruser@gmail.com","service":"frontend"}
{"level":"info","message":"[FRONTEND] POST at /expense: request received with login status true, user: otheruser@gmail.com","service":"frontend"}
{"level":"info","message":"[FRONTEND] POST at /expense: request received with login status true, user: otheruser@gmail.com","service":"frontend"}
{"level":"info","message":"[FRONTEND] GET at /expense: request received with login status true, user: otheruser@gmail.com","service":"frontend"}
{"level":"info","message":"[FRONTEND] POST at /logout: request received with login status true, user: otheruser@gmail.com","service":"frontend"}
{"level":"info","message":"[FRONTEND] POST at /logout: request received with login status true, user: otheruser@gmail.com","service":"frontend"}
{"level":"info","message":"[FRONTEND] GET at /expense: request received with login status true, user: otheruser@gmail.com","service":"frontend"}
{"level":"info","message":"[FRONTEND] GET at /expense: request received with login status true, user: otheruser@gmail.com","service":"frontend"}
{"level":"info","message":"[FRONTEND] GET at /account: request received with login status true, user: otheruser@gmail.com","service":"frontend"}
{"level":"info","message":"[FRONTEND] GET at /expense: request received with login status true, user: otheruser@gmail.com","service":"frontend"}
{"level":"info","message":"[FRONTEND] POST at /expense: request received with login status true, user: otheruser@gmail.com","service":"frontend"}
{"level":"info","message":"[FRONTEND] POST at /expense: request received with login status true, user: otheruser@gmail.com","service":"frontend"}
{"level":"info","message":"[FRONTEND] GET at /expense: request received with login status true, user: otheruser@gmail.com","service":"frontend"}
{"level":"info","message":"[FRONTEND] GET at /expense: request received with login status true, user: otheruser@gmail.com","service":"frontend"}
{"level":"info","message":"[FRONTEND] POST at /expense: request received with login status true, user: otheruser@gmail.com","service":"frontend"}
{"level":"info","message":"[FRONTEND] POST at /expense: request received with login status true, user: otheruser@gmail.com","service":"frontend"}
{"level":"info","message":"[FRONTEND] GET at /expense: request received with login status true, user: otheruser@gmail.com","service":"frontend"}
{"level":"info","message":"[FRONTEND] POST at /expense: request received with login status true, user: otheruser@gmail.com","service":"frontend"}
{"level":"info","message":"[FRONTEND] GET at /expense: request received with login status true, user: otheruser@gmail.com","service":"frontend"}
{"level":"info","message":"[FRONTEND] DELETE at /expense: request received with login status true, user: otheruser@gmail.com","service":"frontend"}
{"level":"info","message":"[FRONTEND] DELETE at /expense: request received with login status true, user: otheruser@gmail.com","service":"frontend"}
{"level":"info","message":"[FRONTEND] DELETE at /expense: request received with login status true, user: otheruser@gmail.com","service":"frontend"}
{"level":"info","message":"[FRONTEND] DELETE at /expense: request received with login status true, user: otheruser@gmail.com","service":"frontend"}
{"level":"info","message":"[FRONTEND] DELETE at /expense: request received with login status true, user: otheruser@gmail.com","service":"frontend"}
{"level":"info","message":"[FRONTEND] POST at /expense: request received with login status true, user: otheruser@gmail.com","service":"frontend"}
{"level":"info","message":"[FRONTEND] GET at /expense: request received with login status true, user: otheruser@gmail.com","service":"frontend"}
{"level":"info","message":"[FRONTEND] PUT at /expense: request received with login status true, user: otheruser@gmail.com","service":"frontend"}
{"level":"info","message":"[FRONTEND] GET at /expense: request received with login status true, user: otheruser@gmail.com","service":"frontend"}
{"level":"info","message":"[FRONTEND] GET at /expense: request received with login status true, user: otheruser@gmail.com","service":"frontend"}
{"level":"info","message":"[FRONTEND] GET at /expense: request received with login status true, user: otheruser@gmail.com","service":"frontend"}
{"level":"info","message":"[FRONTEND] POST at /logout: request received with login status true, user: otheruser@gmail.com","service":"frontend"}
{"level":"info","message":"[FRONTEND] GET at /: request received with login status undefined, user: none","service":"frontend"}
{"level":"info","message":"[FRONTEND] GET at /login: request received with login status undefined, user: none","service":"frontend"}
{"level":"info","message":"[FRONTEND] GET at /register: request received with login status undefined, user: none","service":"frontend"}
{"level":"info","message":"[FRONTEND] POST at /register: request received with login status undefined, user: none","service":"frontend"}
{"level":"info","message":"[FRONTEND] GET at /register: request received with login status undefined, user: none","service":"frontend"}
{"level":"info","message":"[FRONTEND] POST at /register: request received with login status undefined, user: none","service":"frontend"}
{"level":"info","message":"[FRONTEND] GET at /register: request received with login status undefined, user: none","service":"frontend"}
{"level":"info","message":"[FRONTEND] POST at /register: request received with login status undefined, user: none","service":"frontend"}
{"level":"info","message":"[FRONTEND] POST at /register: request received with login status undefined, user: none","service":"frontend"}
{"level":"info","message":"[FRONTEND] POST at /register: request received with login status undefined, user: none","service":"frontend"}
{"level":"info","message":"[FRONTEND] GET at /login: request received with login status undefined, user: none","service":"frontend"}
{"level":"info","message":"[FRONTEND] POST at /login: request received with login status undefined, user: none","service":"frontend"}
{"level":"info","message":"[FRONTEND] GET at /: request received with login status true, user: newww@gmail.com","service":"frontend"}
{"level":"info","message":"[FRONTEND] GET at /expense: request received with login status true, user: newww@gmail.com","service":"frontend"}
{"level":"info","message":"[FRONTEND] GET at /account: request received with login status true, user: newww@gmail.com","service":"frontend"}
{"level":"info","message":"[FRONTEND] POST at /logout: request received with login status true, user: newww@gmail.com","service":"frontend"}
{"level":"info","message":"[FRONTEND] GET at /: request received with login status undefined, user: none","service":"frontend"}
{"level":"info","message":"[FRONTEND] GET at /login: request received with login status undefined, user: none","service":"frontend"}
{"level":"info","message":"[FRONTEND] POST at /login: request received with login status undefined, user: none","service":"frontend"}
{"level":"info","message":"[FRONTEND] GET at /: request received with login status true, user: newww@gmail.com","service":"frontend"}
{"level":"info","message":"[FRONTEND] GET at /expense: request received with login status true, user: newww@gmail.com","service":"frontend"}
{"level":"info","message":"[FRONTEND] POST at /expense: request received with login status true, user: newww@gmail.com","service":"frontend"}
{"level":"info","message":"[FRONTEND] GET at /expense: request received with login status true, user: newww@gmail.com","service":"frontend"}
{"level":"info","message":"[FRONTEND] PUT at /expense: request received with login status true, user: newww@gmail.com","service":"frontend"}
{"level":"info","message":"[FRONTEND] GET at /expense: request received with login status true, user: newww@gmail.com","service":"frontend"}
{"level":"info","message":"[FRONTEND] POST at /logout: request received with login status true, user: newww@gmail.com","service":"frontend"}
{"level":"info","message":"[FRONTEND] GET at /: request received with login status undefined, user: none","service":"frontend"}
{"level":"info","message":"[FRONTEND] GET at /: request received with login status false, user: none","service":"frontend"}
{"level":"info","message":"[FRONTEND] GET at /: request received with login status false, user: none","service":"frontend"}
{"level":"info","message":"[FRONTEND] GET at /: request received with login status false, user: none","service":"frontend"}
{"level":"info","message":"[FRONTEND] GET at /login: request received with login status false, user: none","service":"frontend"}
{"level":"info","message":"[FRONTEND] GET at /: request received with login status false, user: none","service":"frontend"}
{"level":"info","message":"[FRONTEND] GET at /register: request received with login status false, user: none","service":"frontend"}
{"level":"info","message":"[FRONTEND] GET at /: request received with login status false, user: none","service":"frontend"}
{"level":"info","message":"[FRONTEND] GET at /register: request received with login status false, user: none","service":"frontend"}
{"level":"info","message":"[FRONTEND] POST at /register: request received with login status false, user: none","service":"frontend"}
{"level":"info","message":"[FRONTEND] GET at /: request received with login status false, user: none","service":"frontend"}
{"level":"info","message":"[FRONTEND] GET at /login: request received with login status false, user: none","service":"frontend"}
{"level":"info","message":"[FRONTEND] POST at /login: request received with login status false, user: none","service":"frontend"}
{"level":"info","message":"[FRONTEND] GET at /: request received with login status true, user: sampletestuser222@gmail.com","service":"frontend"}
{"level":"info","message":"[FRONTEND] GET at /expense: request received with login status true, user: sampletestuser222@gmail.com","service":"frontend"}
{"level":"info","message":"[FRONTEND] POST at /expense: request received with login status true, user: sampletestuser222@gmail.com","service":"frontend"}
{"level":"info","message":"[FRONTEND] GET at /expense: request received with login status true, user: sampletestuser222@gmail.com","service":"frontend"}
{"level":"info","message":"[FRONTEND] GET at /: request received with login status false, user: none","service":"frontend"}
{"level":"info","message":"[FRONTEND] GET at /login: request received with login status false, user: none","service":"frontend"}
{"level":"info","message":"[FRONTEND] POST at /login: request received with login status false, user: none","service":"frontend"}
{"level":"info","message":"[FRONTEND] GET at /: request received with login status true, user: sampletestuser222@gmail.com","service":"frontend"}
{"level":"info","message":"[FRONTEND] GET at /expense: request received with login status true, user: sampletestuser222@gmail.com","service":"frontend"}
{"level":"info","message":"[FRONTEND] GET at /: request received with login status false, user: none","service":"frontend"}
{"level":"info","message":"[FRONTEND] GET at /login: request received with login status false, user: none","service":"frontend"}
{"level":"info","message":"[FRONTEND] POST at /login: request received with login status false, user: none","service":"frontend"}
{"level":"info","message":"[FRONTEND] GET at /: request received with login status true, user: sampletestuser222@gmail.com","service":"frontend"}
{"level":"info","message":"[FRONTEND] GET at /expense: request received with login status true, user: sampletestuser222@gmail.com","service":"frontend"}
{"level":"info","message":"[FRONTEND] PUT at /expense: request received with login status true, user: sampletestuser222@gmail.com","service":"frontend"}
{"level":"info","message":"[FRONTEND] GET at /expense: request received with login status true, user: sampletestuser222@gmail.com","service":"frontend"}
{"level":"info","message":"[FRONTEND] GET at /: request received with login status false, user: none","service":"frontend"}
{"level":"info","message":"[FRONTEND] GET at /login: request received with login status false, user: none","service":"frontend"}
{"level":"info","message":"[FRONTEND] POST at /login: request received with login status false, user: none","service":"frontend"}
{"level":"info","message":"[FRONTEND] GET at /: request received with login status true, user: sampletestuser222@gmail.com","service":"frontend"}
{"level":"info","message":"[FRONTEND] GET at /expense: request received with login status true, user: sampletestuser222@gmail.com","service":"frontend"}
{"level":"info","message":"[FRONTEND] DELETE at /expense: request received with login status true, user: sampletestuser222@gmail.com","service":"frontend"}
{"level":"info","message":"[FRONTEND] GET at /: request received with login status false, user: none","service":"frontend"}
{"level":"info","message":"[FRONTEND] GET at /register: request received with login status false, user: none","service":"frontend"}
{"level":"info","message":"[FRONTEND] POST at /register: request received with login status false, user: none","service":"frontend"}
{"level":"info","message":"[FRONTEND] GET at /: request received with login status false, user: none","service":"frontend"}
{"level":"info","message":"[FRONTEND] GET at /login: request received with login status false, user: none","service":"frontend"}
{"level":"info","message":"[FRONTEND] POST at /login: request received with login status false, user: none","service":"frontend"}
{"level":"info","message":"[FRONTEND] GET at /: request received with login status true, user: sampletestuser222@gmail.com","service":"frontend"}
{"level":"info","message":"[FRONTEND] GET at /expense: request received with login status true, user: sampletestuser222@gmail.com","service":"frontend"}
{"level":"info","message":"[FRONTEND] GET at /account: request received with login status true, user: sampletestuser222@gmail.com","service":"frontend"}
{"level":"info","message":"[FRONTEND] GET at /: request received with login status false, user: none","service":"frontend"}
{"level":"info","message":"[FRONTEND] GET at /login: request received with login status false, user: none","service":"frontend"}
{"level":"info","message":"[FRONTEND] POST at /login: request received with login status false, user: none","service":"frontend"}
{"level":"info","message":"[FRONTEND] GET at /: request received with login status true, user: sampletestuser222@gmail.com","service":"frontend"}
{"level":"info","message":"[FRONTEND] POST at /logout: request received with login status true, user: sampletestuser222@gmail.com","service":"frontend"}
{"level":"info","message":"[FRONTEND] GET at /: request received with login status undefined, user: none","service":"frontend"}
{"level":"info","message":"[FRONTEND] GET at /: request received with login status false, user: none","service":"frontend"}
{"level":"info","message":"[FRONTEND] GET at /: request received with login status false, user: none","service":"frontend"}
{"level":"info","message":"[FRONTEND] GET at /: request received with login status false, user: none","service":"frontend"}
{"level":"info","message":"[FRONTEND] GET at /login: request received with login status false, user: none","service":"frontend"}
{"level":"info","message":"[FRONTEND] GET at /: request received with login status false, user: none","service":"frontend"}
{"level":"info","message":"[FRONTEND] GET at /register: request received with login status false, user: none","service":"frontend"}
{"level":"info","message":"[FRONTEND] GET at /: request received with login status false, user: none","service":"frontend"}
{"level":"info","message":"[FRONTEND] GET at /register: request received with login status false, user: none","service":"frontend"}
{"level":"info","message":"[FRONTEND] POST at /register: request received with login status false, user: none","service":"frontend"}
{"level":"info","message":"[FRONTEND] GET at /: request received with login status false, user: none","service":"frontend"}
{"level":"info","message":"[FRONTEND] GET at /login: request received with login status false, user: none","service":"frontend"}
{"level":"info","message":"[FRONTEND] POST at /login: request received with login status false, user: none","service":"frontend"}
{"level":"info","message":"[FRONTEND] GET at /: request received with login status true, user: sampletestuser222@gmail.com","service":"frontend"}
{"level":"info","message":"[FRONTEND] GET at /expense: request received with login status true, user: sampletestuser222@gmail.com","service":"frontend"}
{"level":"info","message":"[FRONTEND] POST at /expense: request received with login status true, user: sampletestuser222@gmail.com","service":"frontend"}
{"level":"info","message":"[FRONTEND] GET at /expense: request received with login status true, user: sampletestuser222@gmail.com","service":"frontend"}
{"level":"info","message":"[FRONTEND] GET at /: request received with login status false, user: none","service":"frontend"}
{"level":"info","message":"[FRONTEND] GET at /login: request received with login status false, user: none","service":"frontend"}
{"level":"info","message":"[FRONTEND] POST at /login: request received with login status false, user: none","service":"frontend"}
{"level":"info","message":"[FRONTEND] GET at /: request received with login status true, user: sampletestuser222@gmail.com","service":"frontend"}
{"level":"info","message":"[FRONTEND] GET at /expense: request received with login status true, user: sampletestuser222@gmail.com","service":"frontend"}
{"level":"info","message":"[FRONTEND] GET at /: request received with login status false, user: none","service":"frontend"}
{"level":"info","message":"[FRONTEND] GET at /login: request received with login status false, user: none","service":"frontend"}
{"level":"info","message":"[FRONTEND] POST at /login: request received with login status false, user: none","service":"frontend"}
{"level":"info","message":"[FRONTEND] GET at /: request received with login status true, user: sampletestuser222@gmail.com","service":"frontend"}
{"level":"info","message":"[FRONTEND] GET at /expense: request received with login status true, user: sampletestuser222@gmail.com","service":"frontend"}
{"level":"info","message":"[FRONTEND] PUT at /expense: request received with login status true, user: sampletestuser222@gmail.com","service":"frontend"}
{"level":"info","message":"[FRONTEND] GET at /expense: request received with login status true, user: sampletestuser222@gmail.com","service":"frontend"}
{"level":"info","message":"[FRONTEND] GET at /: request received with login status false, user: none","service":"frontend"}
{"level":"info","message":"[FRONTEND] GET at /login: request received with login status false, user: none","service":"frontend"}
{"level":"info","message":"[FRONTEND] POST at /login: request received with login status false, user: none","service":"frontend"}
{"level":"info","message":"[FRONTEND] GET at /: request received with login status true, user: sampletestuser222@gmail.com","service":"frontend"}
{"level":"info","message":"[FRONTEND] GET at /expense: request received with login status true, user: sampletestuser222@gmail.com","service":"frontend"}
{"level":"info","message":"[FRONTEND] DELETE at /expense: request received with login status true, user: sampletestuser222@gmail.com","service":"frontend"}
{"level":"info","message":"[FRONTEND] GET at /: request received with login status false, user: none","service":"frontend"}
{"level":"info","message":"[FRONTEND] GET at /register: request received with login status false, user: none","service":"frontend"}
{"level":"info","message":"[FRONTEND] POST at /register: request received with login status false, user: none","service":"frontend"}
{"level":"info","message":"[FRONTEND] GET at /: request received with login status false, user: none","service":"frontend"}
{"level":"info","message":"[FRONTEND] GET at /login: request received with login status false, user: none","service":"frontend"}
{"level":"info","message":"[FRONTEND] POST at /login: request received with login status false, user: none","service":"frontend"}
{"level":"info","message":"[FRONTEND] GET at /: request received with login status true, user: sampletestuser222@gmail.com","service":"frontend"}
{"level":"info","message":"[FRONTEND] GET at /expense: request received with login status true, user: sampletestuser222@gmail.com","service":"frontend"}
{"level":"info","message":"[FRONTEND] GET at /account: request received with login status true, user: sampletestuser222@gmail.com","service":"frontend"}
{"level":"info","message":"[FRONTEND] GET at /: request received with login status false, user: none","service":"frontend"}
{"level":"info","message":"[FRONTEND] GET at /login: request received with login status false, user: none","service":"frontend"}
{"level":"info","message":"[FRONTEND] POST at /login: request received with login status false, user: none","service":"frontend"}
{"level":"info","message":"[FRONTEND] GET at /: request received with login status true, user: sampletestuser222@gmail.com","service":"frontend"}
{"level":"info","message":"[FRONTEND] POST at /logout: request received with login status true, user: sampletestuser222@gmail.com","service":"frontend"}
{"level":"info","message":"[FRONTEND] GET at /: request received with login status undefined, user: none","service":"frontend"}
{"level":"info","message":"[FRONTEND] HEAD at /: request received with login status false, user: none","service":"frontend"}
{"level":"info","message":"[FRONTEND] GET at /: request received with login status false, user: none","service":"frontend"}
{"level":"info","message":"[FRONTEND] GET at /: request received with login status false, user: none","service":"frontend"}
{"level":"info","message":"[FRONTEND] GET at /register: request received with login status false, user: none","service":"frontend"}
{"level":"info","message":"[FRONTEND] POST at /register: request received with login status false, user: none","service":"frontend"}
{"level":"info","message":"[FRONTEND] GET at /: request received with login status false, user: none","service":"frontend"}
{"level":"info","message":"[FRONTEND] GET at /login: request received with login status false, user: none","service":"frontend"}
{"level":"info","message":"[FRONTEND] POST at /login: request received with login status false, user: none","service":"frontend"}
{"level":"info","message":"[FRONTEND] GET at /: request received with login status true, user: sampletestuser222@gmail.com","service":"frontend"}
{"level":"info","message":"[FRONTEND] GET at /expense: request received with login status true, user: sampletestuser222@gmail.com","service":"frontend"}
{"level":"info","message":"[FRONTEND] GET at /account: request received with login status true, user: sampletestuser222@gmail.com","service":"frontend"}
{"level":"info","message":"[FRONTEND] GET at /: request received with login status false, user: none","service":"frontend"}
{"level":"info","message":"[FRONTEND] GET at /login: request received with login status false, user: none","service":"frontend"}
{"level":"info","message":"[FRONTEND] POST at /login: request received with login status false, user: none","service":"frontend"}
{"level":"info","message":"[FRONTEND] GET at /: request received with login status true, user: sampletestuser222@gmail.com","service":"frontend"}
{"level":"info","message":"[FRONTEND] POST at /logout: request received with login status true, user: sampletestuser222@gmail.com","service":"frontend"}
{"level":"info","message":"[FRONTEND] GET at /: request received with login status undefined, user: none","service":"frontend"}
{"level":"info","message":"[FRONTEND] GET at /: request received with login status false, user: none","service":"frontend"}
{"level":"info","message":"[FRONTEND] GET at /: request received with login status false, user: none","service":"frontend"}
{"level":"info","message":"[FRONTEND] GET at /register: request received with login status false, user: none","service":"frontend"}
{"level":"info","message":"[FRONTEND] POST at /register: request received with login status false, user: none","service":"frontend"}
{"level":"info","message":"[FRONTEND] GET at /: request received with login status false, user: none","service":"frontend"}
{"level":"info","message":"[FRONTEND] GET at /login: request received with login status false, user: none","service":"frontend"}
{"level":"info","message":"[FRONTEND] POST at /login: request received with login status false, user: none","service":"frontend"}
{"level":"info","message":"[FRONTEND] GET at /: request received with login status true, user: sampletestuser222@gmail.com","service":"frontend"}
{"level":"info","message":"[FRONTEND] GET at /expense: request received with login status true, user: sampletestuser222@gmail.com","service":"frontend"}
{"level":"info","message":"[FRONTEND] POST at /expense: request received with login status true, user: sampletestuser222@gmail.com","service":"frontend"}
{"level":"info","message":"[FRONTEND] GET at /expense: request received with login status true, user: sampletestuser222@gmail.com","service":"frontend"}
{"level":"info","message":"[FRONTEND] GET at /: request received with login status false, user: none","service":"frontend"}
{"level":"info","message":"[FRONTEND] GET at /login: request received with login status false, user: none","service":"frontend"}
{"level":"info","message":"[FRONTEND] POST at /login: request received with login status false, user: none","service":"frontend"}
{"level":"info","message":"[FRONTEND] GET at /: request received with login status true, user: sampletestuser222@gmail.com","service":"frontend"}
{"level":"info","message":"[FRONTEND] GET at /expense: request received with login status true, user: sampletestuser222@gmail.com","service":"frontend"}
{"level":"info","message":"[FRONTEND] GET at /: request received with login status false, user: none","service":"frontend"}
{"level":"info","message":"[FRONTEND] GET at /login: request received with login status false, user: none","service":"frontend"}
{"level":"info","message":"[FRONTEND] POST at /login: request received with login status false, user: none","service":"frontend"}
{"level":"info","message":"[FRONTEND] GET at /: request received with login status true, user: sampletestuser222@gmail.com","service":"frontend"}
{"level":"info","message":"[FRONTEND] GET at /expense: request received with login status true, user: sampletestuser222@gmail.com","service":"frontend"}
{"level":"info","message":"[FRONTEND] PUT at /expense: request received with login status true, user: sampletestuser222@gmail.com","service":"frontend"}
{"level":"info","message":"[FRONTEND] GET at /expense: request received with login status true, user: sampletestuser222@gmail.com","service":"frontend"}
{"level":"info","message":"[FRONTEND] GET at /: request received with login status false, user: none","service":"frontend"}
{"level":"info","message":"[FRONTEND] GET at /login: request received with login status false, user: none","service":"frontend"}
{"level":"info","message":"[FRONTEND] POST at /login: request received with login status false, user: none","service":"frontend"}
{"level":"info","message":"[FRONTEND] GET at /: request received with login status true, user: sampletestuser222@gmail.com","service":"frontend"}
{"level":"info","message":"[FRONTEND] GET at /expense: request received with login status true, user: sampletestuser222@gmail.com","service":"frontend"}
{"level":"info","message":"[FRONTEND] DELETE at /expense: request received with login status true, user: sampletestuser222@gmail.com","service":"frontend"}
{"level":"info","message":"[FRONTEND] GET at /: request received with login status false, user: none","service":"frontend"}
{"level":"info","message":"[FRONTEND] GET at /: request received with login status false, user: none","service":"frontend"}
{"level":"info","message":"[FRONTEND] GET at /: request received with login status false, user: none","service":"frontend"}
{"level":"info","message":"[FRONTEND] GET at /login: request received with login status false, user: none","service":"frontend"}
{"level":"info","message":"[FRONTEND] GET at /: request received with login status false, user: none","service":"frontend"}
{"level":"info","message":"[FRONTEND] GET at /register: request received with login status false, user: none","service":"frontend"}
